2024-12-23 08:55:24.169 - DBeaver 24.3.0.202412011650 is starting
2024-12-23 08:55:24.170 - OS: Windows 10 10.0 (amd64)
2024-12-23 08:55:24.170 - Java version: 17.0.6 by Eclipse Adoptium (64bit)
2024-12-23 08:55:24.170 - Install path: 'D:\web_0900_roh\dbms1\resource\dbeaver-ce-24.3.0-win32.win32.x86_64\dbeaver'
2024-12-23 08:55:24.170 - Instance path: 'file:/D:/web_0900_roh/dbms/workspace/'
2024-12-23 08:55:24.172 - Memory available 64Mb/1024Mb
2024-12-23 08:55:24.172 - Platform not initialized: metadata folder may be not set
2024-12-23 08:55:24.179 - Create display
2024-12-23 08:55:24.258 - Initialize desktop platform...
2024-12-23 08:55:24.344 - BounceCastle bundle found. Use JCE provider BC
> Start Core File Systems [org.eclipse.core.filesystem 1.11.0.v20240824-0952]
> Start Core Resource Management [org.eclipse.core.resources 3.21.0.v20240805-1607]
> Start DBeaver UI Navigator [org.jkiss.dbeaver.ui.navigator 1.0.144.202412011650]
> Start Team Support Core [org.eclipse.team.core 3.10.500.v20240621-0541]
2024-12-23 08:55:24.478 - Initialize base platform...
> Start DBeaver UI Editors - Base [org.jkiss.dbeaver.ui.editors.base 1.0.144.202412011650]
2024-12-23 08:55:24.494 - Platform initialized (236ms)
2024-12-23 08:55:24.519 - Starting instance server at http://localhost:49950
2024-12-23 08:55:24.519 - Run workbench
> Start Eclipse e4 Workbench SWT [org.eclipse.e4.ui.workbench.swt 0.17.500.v20240807-0911]
> Start Eclipse Application Services [org.eclipse.e4.core.services 2.4.400.v20240413-1529]
> Start Eclipse UI Application Services [org.eclipse.e4.ui.services 1.6.300.v20231201-1637]
> Start Eclipse e4 Progress View [org.eclipse.e4.ui.progress 0.4.600.v20240606-1020]
> Start Eclipse Bindings Support [org.eclipse.e4.ui.bindings 0.14.400.v20240321-1245]
> Start Eclipse e4 core commands [org.eclipse.e4.core.commands 1.1.400.v20240424-0444]
> Start EMF XML/XMI Persistence [org.eclipse.emf.ecore.xmi 2.38.0.v20240721-0634]
> Start Eclipse CSS SWT Theme Support [org.eclipse.e4.ui.css.swt.theme 0.14.400.v20240424-0956]
> Start Eclipse e4 Workbench Add-ons [org.eclipse.e4.ui.workbench.addons.swt 1.5.500.v20240620-1945]
> Start Eclipse e4 Workbench SWT Renderer [org.eclipse.e4.ui.workbench.renderers.swt 0.16.500.v20240727-1037]
> Start Eclipse Dependency Injection Extensions [org.eclipse.e4.core.di.extensions 0.18.300.v20240413-1529]
> Start Eclipse CSS SWT Support [org.eclipse.e4.ui.css.swt 0.15.400.v20240321-1245]
2024-12-23 08:55:25.550 - Configure workbench window
> Start DBeaver SQL Model [org.jkiss.dbeaver.model.sql 1.0.134.202412011650]
2024-12-23 08:55:25.625 - Script dialect 'gbase8s' not found in registry (for data source provider gbase8s). Use default.
2024-12-23 08:55:25.655 - Total database drivers: 121 (121)
> Start Help System Core [org.eclipse.help 3.10.400.v20240415-0528]
2024-12-23 08:55:25.701 - Create actions
2024-12-23 08:55:25.706 - Disable Eclipse action set 'org.eclipse.ui.edit.text.actionSet.annotationNavigation'
2024-12-23 08:55:25.706 - Disable Eclipse action set 'org.eclipse.ui.WorkingSetActionSet'
2024-12-23 08:55:25.706 - Disable Eclipse action set 'org.eclipse.ui.actionSet.openFiles'
2024-12-23 08:55:25.706 - Create workbench actions
2024-12-23 08:55:25.937 - Initialize workbench window
2024-12-23 08:55:25.937 - Finish initialization
> Start Default Text Editor [org.eclipse.ui.editors 3.18.0.v20240807-0735]
> Start Text Editor Framework [org.eclipse.ui.workbench.texteditor 3.18.0.v20240819-1419]
> Start DBeaver UI Editors - Data [org.jkiss.dbeaver.ui.editors.data 1.0.144.202412011650]
Warning: NLS unused message: actions_navigator__objects in: org.jkiss.dbeaver.ui.editors.sql.internal.SQLEditorMessages
> Start DBeaver UI Editors - SQL [org.jkiss.dbeaver.ui.editors.sql 1.0.144.202412011650]
> Start DBeaver SQL Terminal [org.jkiss.dbeaver.ui.editors.sql.terminal 1.0.120.202412011650]
> Start Core Compare Support [org.eclipse.compare.core 3.8.500.v20240524-2010]
> Start Internet Connection Management UI [org.eclipse.ui.net 1.5.400.v20240413-1529]
> Start Internet Connection Management [org.eclipse.core.net 1.5.500.v20240625-1706]
> Start DBeaver Sample Database [org.jkiss.dbeaver.ext.sample.database 1.0.181.202412011650]
> Start DBeaver Tip of the day [org.jkiss.dbeaver.ext.ui.tipoftheday 1.0.150.202412011650]
> Start GEF Classic Draw2d [org.eclipse.draw2d 3.17.0.202409021815]
> Start GEF Classic GEF (MVC) [org.eclipse.gef 3.19.0.202409021815]
> Start DBeaver ERD UI [org.jkiss.dbeaver.erd.ui 3.0.104.202412011650]
> Start DBeaver ERD Model [org.jkiss.dbeaver.erd.model 1.0.104.202412011650]
> Start DBeaver Dashboard UI [org.jkiss.dbeaver.ui.dashboard 1.0.141.202412011650]
> Start DBeaver UI Editors - Connections [org.jkiss.dbeaver.ui.editors.connection 1.0.135.202412011650]
> Start DBeaver JDBC Model [org.jkiss.dbeaver.model.jdbc 1.0.37.202412011650]
> Start DBeaver Oracle Model [org.jkiss.dbeaver.ext.oracle 2.1.229.202412011650]
> Start Console [org.eclipse.ui.console 3.14.100.v20240429-1358]
> Start Debug Core [org.eclipse.debug.core 3.21.500.v20240801-2219]
2024-12-23 08:55:27.630 - Connect with 'localhost' (oracle_thin-193dc91c939-38608296dbcdf145)
2024-12-23 08:55:27.650 - Execution context opened (localhost; Main; 0)
2024-12-23 08:55:27.872 - Execution context opened (localhost; Metadata; 1)
2024-12-23 08:55:27.923 - Connected (oracle_thin-193dc91c939-38608296dbcdf145, Oracle JDBC driver [11.2.0.2.0])
2024-12-23 08:55:27.924 - Execution context opened (localhost; SQLEditor <day04(task).sql>; 2)
> Start DBeaver SQL Language Semantic Model [org.jkiss.dbeaver.model.lsm 1.0.39.202412011650]
2024-12-23 08:55:29.757 - Open [https://dbeaver.io/product/version.xml]
> Start DBeaver Tasks - Native Tools UI [org.jkiss.dbeaver.tasks.native.ui 1.0.122.202412011650]
> Start DBeaver Oracle UI [org.jkiss.dbeaver.ext.oracle.ui 1.0.131.202412011650]
> Start DBeaver Tasks - General UI [org.jkiss.dbeaver.tasks.ui 1.0.122.202412011650]
2024-12-23 09:23:32.911 - Auth model 'native' was replaced by 'oracle_native'
2024-12-23 09:23:32.925 - Service 'org.jkiss.dbeaver.runtime.ui.UIServiceSecurity' not found
2024-12-23 09:23:41.378 - Connect with 'jdbc:oracle:thin:@//localhost:1521/XE' (oracle_thin-193f0e5f031-5895969549db9d61)
2024-12-23 09:23:41.379 - Execution context opened (jdbc:oracle:thin:@//localhost:1521/XE; Main; 3)
2024-12-23 09:23:41.396 - Connected (oracle_thin-193f0e5f031-5895969549db9d61, Oracle JDBC driver [11.2.0.2.0])
2024-12-23 09:23:41.410 - Execution context closed (jdbc:oracle:thin:@//localhost:1521/XE, 3)
2024-12-23 09:23:41.410 - Disconnected (oracle_thin-193f0e5f031-5895969549db9d61)
2024-12-23 09:23:51.044 - Connect with 'localhost' (oracle_thin-193f0e5cef3-f34b261635df844)
2024-12-23 09:23:51.045 - Execution context opened (localhost; Main; 4)
2024-12-23 09:23:51.054 - Execution context opened (localhost; Metadata; 5)
2024-12-23 09:23:51.068 - Connected (oracle_thin-193f0e5cef3-f34b261635df844, Oracle JDBC driver [11.2.0.2.0])
2024-12-23 09:23:51.069 - Execution context opened (localhost; SQLEditor <Script.sql>; 6)
2024-12-23 09:27:29.960 - Execution context closed (localhost, 2)
2024-12-23 09:27:30.029 - Execution context closed (localhost, 6)
2024-12-23 09:27:30.144 - Dispose navigator model
2024-12-23 09:27:30.162 - DBeaver is stopping
2024-12-23 09:27:30.163 - Stop instance server
2024-12-23 09:27:31.167 - Instance server has been stopped
2024-12-23 09:27:31.168 - DBeaver shutdown completed
