2024-12-17 09:09:56.385 - DBeaver 24.3.0.202412011650 is starting
2024-12-17 09:09:56.385 - OS: Windows 10 10.0 (amd64)
2024-12-17 09:09:56.386 - Java version: 17.0.6 by Eclipse Adoptium (64bit)
2024-12-17 09:09:56.386 - Install path: 'D:\web_0900_roh\dbms\resource\dbeaver-ce-24.3.0-win32.win32.x86_64\dbeaver'
2024-12-17 09:09:56.386 - Instance path: 'file:/D:/web_0900_roh/dbms/workspace/'
2024-12-17 09:09:56.387 - Memory available 64Mb/1024Mb
2024-12-17 09:09:56.387 - Platform not initialized: metadata folder may be not set
2024-12-17 09:09:56.393 - Create display
2024-12-17 09:09:56.450 - Initialize desktop platform...
2024-12-17 09:09:56.515 - BounceCastle bundle found. Use JCE provider BC
> Start Core File Systems [org.eclipse.core.filesystem 1.11.0.v20240824-0952]
> Start Core Resource Management [org.eclipse.core.resources 3.21.0.v20240805-1607]
> Start Team Support Core [org.eclipse.team.core 3.10.500.v20240621-0541]
> Start DBeaver UI Navigator [org.jkiss.dbeaver.ui.navigator 1.0.144.202412011650]
2024-12-17 09:09:56.619 - Initialize base platform...
> Start DBeaver UI Editors - Base [org.jkiss.dbeaver.ui.editors.base 1.0.144.202412011650]
2024-12-17 09:09:56.635 - Platform initialized (184ms)
2024-12-17 09:09:56.665 - Starting instance server at http://localhost:50015
2024-12-17 09:09:56.669 - Run workbench
> Start Eclipse e4 Workbench SWT [org.eclipse.e4.ui.workbench.swt 0.17.500.v20240807-0911]
> Start Eclipse Application Services [org.eclipse.e4.core.services 2.4.400.v20240413-1529]
> Start Eclipse UI Application Services [org.eclipse.e4.ui.services 1.6.300.v20231201-1637]
> Start Eclipse e4 Progress View [org.eclipse.e4.ui.progress 0.4.600.v20240606-1020]
> Start Eclipse Bindings Support [org.eclipse.e4.ui.bindings 0.14.400.v20240321-1245]
> Start Eclipse e4 core commands [org.eclipse.e4.core.commands 1.1.400.v20240424-0444]
> Start EMF XML/XMI Persistence [org.eclipse.emf.ecore.xmi 2.38.0.v20240721-0634]
> Start Eclipse CSS SWT Theme Support [org.eclipse.e4.ui.css.swt.theme 0.14.400.v20240424-0956]
> Start Eclipse e4 Workbench Add-ons [org.eclipse.e4.ui.workbench.addons.swt 1.5.500.v20240620-1945]
> Start Eclipse e4 Workbench SWT Renderer [org.eclipse.e4.ui.workbench.renderers.swt 0.16.500.v20240727-1037]
> Start Eclipse Dependency Injection Extensions [org.eclipse.e4.core.di.extensions 0.18.300.v20240413-1529]
> Start Eclipse CSS SWT Support [org.eclipse.e4.ui.css.swt 0.15.400.v20240321-1245]
2024-12-17 09:09:57.517 - Configure workbench window
> Start DBeaver SQL Model [org.jkiss.dbeaver.model.sql 1.0.134.202412011650]
2024-12-17 09:09:57.578 - Script dialect 'gbase8s' not found in registry (for data source provider gbase8s). Use default.
2024-12-17 09:09:57.611 - Total database drivers: 121 (121)
> Start Help System Core [org.eclipse.help 3.10.400.v20240415-0528]
2024-12-17 09:09:57.659 - Create actions
2024-12-17 09:09:57.663 - Disable Eclipse action set 'org.eclipse.ui.edit.text.actionSet.annotationNavigation'
2024-12-17 09:09:57.664 - Disable Eclipse action set 'org.eclipse.ui.WorkingSetActionSet'
2024-12-17 09:09:57.664 - Disable Eclipse action set 'org.eclipse.ui.actionSet.openFiles'
2024-12-17 09:09:57.664 - Create workbench actions
2024-12-17 09:09:57.862 - Initialize workbench window
2024-12-17 09:09:57.866 - Finish initialization
> Start Default Text Editor [org.eclipse.ui.editors 3.18.0.v20240807-0735]
> Start Text Editor Framework [org.eclipse.ui.workbench.texteditor 3.18.0.v20240819-1419]
> Start DBeaver UI Editors - Data [org.jkiss.dbeaver.ui.editors.data 1.0.144.202412011650]
Warning: NLS unused message: actions_navigator__objects in: org.jkiss.dbeaver.ui.editors.sql.internal.SQLEditorMessages
> Start DBeaver UI Editors - SQL [org.jkiss.dbeaver.ui.editors.sql 1.0.144.202412011650]
> Start DBeaver SQL Terminal [org.jkiss.dbeaver.ui.editors.sql.terminal 1.0.120.202412011650]
> Start Core Compare Support [org.eclipse.compare.core 3.8.500.v20240524-2010]
> Start Internet Connection Management UI [org.eclipse.ui.net 1.5.400.v20240413-1529]
> Start Internet Connection Management [org.eclipse.core.net 1.5.500.v20240625-1706]
> Start DBeaver Sample Database [org.jkiss.dbeaver.ext.sample.database 1.0.181.202412011650]
> Start DBeaver Tip of the day [org.jkiss.dbeaver.ext.ui.tipoftheday 1.0.150.202412011650]
> Start GEF Classic Draw2d [org.eclipse.draw2d 3.17.0.202409021815]
> Start GEF Classic GEF (MVC) [org.eclipse.gef 3.19.0.202409021815]
> Start DBeaver ERD UI [org.jkiss.dbeaver.erd.ui 3.0.104.202412011650]
> Start DBeaver ERD Model [org.jkiss.dbeaver.erd.model 1.0.104.202412011650]
> Start DBeaver Dashboard UI [org.jkiss.dbeaver.ui.dashboard 1.0.141.202412011650]
> Start DBeaver UI Editors - Connections [org.jkiss.dbeaver.ui.editors.connection 1.0.135.202412011650]
> Start DBeaver JDBC Model [org.jkiss.dbeaver.model.jdbc 1.0.37.202412011650]
> Start DBeaver Oracle Model [org.jkiss.dbeaver.ext.oracle 2.1.229.202412011650]
> Start Console [org.eclipse.ui.console 3.14.100.v20240429-1358]
> Start Debug Core [org.eclipse.debug.core 3.21.500.v20240801-2219]
> Start DBeaver Tasks - Native Tools UI [org.jkiss.dbeaver.tasks.native.ui 1.0.122.202412011650]
> Start DBeaver Oracle UI [org.jkiss.dbeaver.ext.oracle.ui 1.0.131.202412011650]
> Start DBeaver Tasks - General UI [org.jkiss.dbeaver.tasks.ui 1.0.122.202412011650]
2024-12-17 09:09:59.371 - Connect with 'localhost' (oracle_thin-193ce9812cd-1c0afe6df1ea13b3)
2024-12-17 09:09:59.390 - Execution context opened (localhost; Main; 0)
2024-12-17 09:09:59.549 - Execution context opened (localhost; Metadata; 1)
2024-12-17 09:09:59.579 - Connected (oracle_thin-193ce9812cd-1c0afe6df1ea13b3, Oracle JDBC driver [11.2.0.2.0])
2024-12-17 09:09:59.581 - Execution context opened (localhost; SQLEditor <day01.sql>; 2)
> Start DBeaver SQL Language Semantic Model [org.jkiss.dbeaver.model.lsm 1.0.39.202412011650]
2024-12-17 09:10:34.596 - Execution context closed (localhost, 2)
2024-12-17 09:12:25.040 - SWT resource leak detected
java.lang.Error: SWT Resource was not properly disposed
	at org.eclipse.swt.graphics.Resource.initNonDisposeTracking(Resource.java:172)
	at org.eclipse.swt.graphics.Resource.<init>(Resource.java:120)
	at org.eclipse.swt.graphics.Image.<init>(Image.java:251)
	at org.jkiss.dbeaver.ui.editors.sql.SQLEditor.refreshEditorIconAndTitle(SQLEditor.java:3103)
	at org.jkiss.dbeaver.ui.editors.sql.SQLEditor.onDataSourceChange(SQLEditor.java:3016)
	at org.jkiss.dbeaver.ui.editors.sql.SQLEditor.onDataSourceChange(SQLEditor.java:2989)
	at org.jkiss.dbeaver.ui.UIExecutionQueue.executeInUI(UIExecutionQueue.java:68)
	at org.eclipse.swt.widgets.RunnableLock.run(RunnableLock.java:40)
	at org.eclipse.swt.widgets.Synchronizer.runAsyncMessages(Synchronizer.java:132)
	at org.eclipse.swt.widgets.Display.runAsyncMessages(Display.java:4099)
	at org.eclipse.swt.widgets.Display.readAndDispatch(Display.java:3715)
	at org.eclipse.e4.ui.internal.workbench.swt.PartRenderingEngine$5.run(PartRenderingEngine.java:1151)
	at org.eclipse.core.databinding.observable.Realm.runWithDefault(Realm.java:339)
	at org.eclipse.e4.ui.internal.workbench.swt.PartRenderingEngine.run(PartRenderingEngine.java:1042)
	at org.eclipse.e4.ui.internal.workbench.E4Workbench.createAndRunUI(E4Workbench.java:153)
	at org.eclipse.ui.internal.Workbench.lambda$3(Workbench.java:639)
	at org.eclipse.core.databinding.observable.Realm.runWithDefault(Realm.java:339)
	at org.eclipse.ui.internal.Workbench.createAndRunWorkbench(Workbench.java:546)
	at org.eclipse.ui.PlatformUI.createAndRunWorkbench(PlatformUI.java:173)
	at org.jkiss.dbeaver.ui.app.standalone.DBeaverApplication.start(DBeaverApplication.java:293)
	at org.eclipse.equinox.internal.app.EclipseAppHandle.run(EclipseAppHandle.java:208)
	at org.eclipse.core.runtime.internal.adaptor.EclipseAppLauncher.runApplication(EclipseAppLauncher.java:143)
	at org.eclipse.core.runtime.internal.adaptor.EclipseAppLauncher.start(EclipseAppLauncher.java:109)
	at org.eclipse.core.runtime.adaptor.EclipseStarter.run(EclipseStarter.java:439)
	at org.eclipse.core.runtime.adaptor.EclipseStarter.run(EclipseStarter.java:271)
	at java.base/jdk.internal.reflect.NativeMethodAccessorImpl.invoke0(Native Method)
	at java.base/jdk.internal.reflect.NativeMethodAccessorImpl.invoke(Unknown Source)
	at java.base/jdk.internal.reflect.DelegatingMethodAccessorImpl.invoke(Unknown Source)
	at java.base/java.lang.reflect.Method.invoke(Unknown Source)
	at org.jkiss.dbeaver.launcher.DBeaverLauncher.invokeFramework(DBeaverLauncher.java:650)
	at org.jkiss.dbeaver.launcher.DBeaverLauncher.basicRun(DBeaverLauncher.java:610)
	at org.jkiss.dbeaver.launcher.DBeaverLauncher.run(DBeaverLauncher.java:1461)
2024-12-17 09:28:37.972 - Auth model 'native' was replaced by 'oracle_native'
2024-12-17 09:28:37.988 - Service 'org.jkiss.dbeaver.runtime.ui.UIServiceSecurity' not found
2024-12-17 09:29:19.711 - Auth model 'native' was replaced by 'oracle_native'
2024-12-17 09:29:19.716 - Service 'org.jkiss.dbeaver.runtime.ui.UIServiceSecurity' not found
2024-12-17 09:30:26.907 - Connect with 'jdbc:oracle:thin:@//localhost:1521/ORCL' (oracle_thin-193d205f847-10bad5a63ceb954d)
2024-12-17 09:30:26.908 - Execution context opened (jdbc:oracle:thin:@//localhost:1521/ORCL; Main; 3)
2024-12-17 09:30:27.071 - Listener refused the connection with the following error:
ORA-12514, TNS:listener does not currently know of service requested in connect descriptor
 
oracle.net.ns.NetException: Listener refused the connection with the following error:
ORA-12514, TNS:listener does not currently know of service requested in connect descriptor
 
	at oracle.net.ns.NSProtocol.connect(NSProtocol.java:386)
	at oracle.jdbc.driver.T4CConnection.connect(T4CConnection.java:1054)
	at oracle.jdbc.driver.T4CConnection.logon(T4CConnection.java:308)
	at oracle.jdbc.driver.PhysicalConnection.<init>(PhysicalConnection.java:536)
	at oracle.jdbc.driver.T4CConnection.<init>(T4CConnection.java:228)
	at oracle.jdbc.driver.T4CDriverExtension.getConnection(T4CDriverExtension.java:32)
	at oracle.jdbc.driver.OracleDriver.connect(OracleDriver.java:521)
	at org.jkiss.dbeaver.model.impl.jdbc.JDBCConnectionOpener.run(JDBCConnectionOpener.java:109)
	at org.jkiss.dbeaver.model.impl.jdbc.JDBCConnectionOpener.run(JDBCConnectionOpener.java:83)
	at org.jkiss.dbeaver.model.impl.jdbc.JDBCDataSource.openConnection(JDBCDataSource.java:214)
	at org.jkiss.dbeaver.model.impl.jdbc.JDBCDataSource.openConnection(JDBCDataSource.java:133)
	at org.jkiss.dbeaver.ext.oracle.model.OracleDataSource.openConnection(OracleDataSource.java:197)
	at org.jkiss.dbeaver.model.impl.jdbc.JDBCExecutionContext.connect(JDBCExecutionContext.java:124)
	at org.jkiss.dbeaver.model.impl.jdbc.JDBCRemoteInstance.initializeMainContext(JDBCRemoteInstance.java:102)
	at org.jkiss.dbeaver.model.impl.jdbc.JDBCRemoteInstance.<init>(JDBCRemoteInstance.java:61)
	at org.jkiss.dbeaver.model.impl.jdbc.JDBCDataSource.initializeRemoteInstance(JDBCDataSource.java:125)
	at org.jkiss.dbeaver.model.impl.jdbc.JDBCDataSource.<init>(JDBCDataSource.java:109)
	at org.jkiss.dbeaver.model.impl.jdbc.JDBCDataSource.<init>(JDBCDataSource.java:100)
	at org.jkiss.dbeaver.ext.oracle.model.OracleDataSource.<init>(OracleDataSource.java:110)
	at org.jkiss.dbeaver.ext.oracle.OracleDataSourceProvider.openDataSource(OracleDataSourceProvider.java:143)
	at org.jkiss.dbeaver.registry.DataSourceDescriptor.openDataSource(DataSourceDescriptor.java:1395)
	at org.jkiss.dbeaver.registry.DataSourceDescriptor.connect0(DataSourceDescriptor.java:1266)
	at org.jkiss.dbeaver.registry.DataSourceDescriptor.connect(DataSourceDescriptor.java:1056)
	at org.jkiss.dbeaver.runtime.jobs.ConnectJob.run(ConnectJob.java:78)
	at org.jkiss.dbeaver.runtime.jobs.ConnectionTestJob.run(ConnectionTestJob.java:103)
	at org.jkiss.dbeaver.model.runtime.AbstractJob.run(AbstractJob.java:119)
	at org.eclipse.core.internal.jobs.Worker.run(Worker.java:63)
2024-12-17 09:30:36.040 - Connect with 'jdbc:oracle:thin:@//localhost:1521/XE' (oracle_thin-193d2061bf7-49d3684679a30deb)
2024-12-17 09:30:36.040 - Execution context opened (jdbc:oracle:thin:@//localhost:1521/XE; Main; 4)
2024-12-17 09:30:36.055 - Connected (oracle_thin-193d2061bf7-49d3684679a30deb, Oracle JDBC driver [11.2.0.2.0])
2024-12-17 09:30:36.068 - Execution context closed (jdbc:oracle:thin:@//localhost:1521/XE, 4)
2024-12-17 09:30:36.068 - Disconnected (oracle_thin-193d2061bf7-49d3684679a30deb)
2024-12-17 09:30:48.616 - Connect with 'jdbc:oracle:thin:@//localhost:1521/XE' (oracle_thin-193d2064d17-4536b39682d4d3ff)
2024-12-17 09:30:48.617 - Execution context opened (jdbc:oracle:thin:@//localhost:1521/XE; Main; 5)
2024-12-17 09:30:48.630 - Connected (oracle_thin-193d2064d17-4536b39682d4d3ff, Oracle JDBC driver [11.2.0.2.0])
2024-12-17 09:30:48.647 - Execution context closed (jdbc:oracle:thin:@//localhost:1521/XE, 5)
2024-12-17 09:30:48.647 - Disconnected (oracle_thin-193d2064d17-4536b39682d4d3ff)
2024-12-17 09:32:46.423 - Auth model 'native' was replaced by 'oracle_native'
2024-12-17 09:32:46.429 - Service 'org.jkiss.dbeaver.runtime.ui.UIServiceSecurity' not found
2024-12-17 09:32:54.910 - Connect with 'jdbc:oracle:thin:@//localhost:1521/XE' (oracle_thin-193d2083a6f-413a68586a99d242)
2024-12-17 09:32:54.911 - Execution context opened (jdbc:oracle:thin:@//localhost:1521/XE; Main; 6)
2024-12-17 09:32:54.925 - Connected (oracle_thin-193d2083a6f-413a68586a99d242, Oracle JDBC driver [11.2.0.2.0])
2024-12-17 09:32:54.947 - Execution context closed (jdbc:oracle:thin:@//localhost:1521/XE, 6)
2024-12-17 09:32:54.947 - Disconnected (oracle_thin-193d2083a6f-413a68586a99d242)
2024-12-17 09:33:56.765 - No active connection. Action is in disabled state.
2024-12-17 09:33:59.041 - Transaction log is not available.
Connect to a database.
2024-12-17 09:34:41.241 - Connect with 'localhost 2' (oracle_thin-193d2081931-13c2def8257d04e6)
2024-12-17 09:34:41.242 - Execution context opened (localhost 2; Main; 7)
2024-12-17 09:34:41.251 - Execution context opened (localhost 2; Metadata; 8)
2024-12-17 09:34:41.264 - Connected (oracle_thin-193d2081931-13c2def8257d04e6, Oracle JDBC driver [11.2.0.2.0])
2024-12-17 09:34:41.270 - Execution context opened (localhost 2; SQLEditor <TEST_DBMS.sql>; 9)
2024-12-17 09:36:00.317 - Auth model 'native' was replaced by 'oracle_native'
2024-12-17 09:36:00.322 - Service 'org.jkiss.dbeaver.runtime.ui.UIServiceSecurity' not found
2024-12-17 09:36:13.815 - Connect with 'jdbc:oracle:thin:@//localhost:1521/ORCL' (oracle_thin-193d20b435d-7ec70f082f4938de)
2024-12-17 09:36:13.815 - Execution context opened (jdbc:oracle:thin:@//localhost:1521/ORCL; Main; 10)
2024-12-17 09:36:13.877 - Listener refused the connection with the following error:
ORA-12514, TNS:listener does not currently know of service requested in connect descriptor
 
oracle.net.ns.NetException: Listener refused the connection with the following error:
ORA-12514, TNS:listener does not currently know of service requested in connect descriptor
 
	at oracle.net.ns.NSProtocol.connect(NSProtocol.java:386)
	at oracle.jdbc.driver.T4CConnection.connect(T4CConnection.java:1054)
	at oracle.jdbc.driver.T4CConnection.logon(T4CConnection.java:308)
	at oracle.jdbc.driver.PhysicalConnection.<init>(PhysicalConnection.java:536)
	at oracle.jdbc.driver.T4CConnection.<init>(T4CConnection.java:228)
	at oracle.jdbc.driver.T4CDriverExtension.getConnection(T4CDriverExtension.java:32)
	at oracle.jdbc.driver.OracleDriver.connect(OracleDriver.java:521)
	at org.jkiss.dbeaver.model.impl.jdbc.JDBCConnectionOpener.run(JDBCConnectionOpener.java:109)
	at org.jkiss.dbeaver.model.impl.jdbc.JDBCConnectionOpener.run(JDBCConnectionOpener.java:83)
	at org.jkiss.dbeaver.model.impl.jdbc.JDBCDataSource.openConnection(JDBCDataSource.java:214)
	at org.jkiss.dbeaver.model.impl.jdbc.JDBCDataSource.openConnection(JDBCDataSource.java:133)
	at org.jkiss.dbeaver.ext.oracle.model.OracleDataSource.openConnection(OracleDataSource.java:197)
	at org.jkiss.dbeaver.model.impl.jdbc.JDBCExecutionContext.connect(JDBCExecutionContext.java:124)
	at org.jkiss.dbeaver.model.impl.jdbc.JDBCRemoteInstance.initializeMainContext(JDBCRemoteInstance.java:102)
	at org.jkiss.dbeaver.model.impl.jdbc.JDBCRemoteInstance.<init>(JDBCRemoteInstance.java:61)
	at org.jkiss.dbeaver.model.impl.jdbc.JDBCDataSource.initializeRemoteInstance(JDBCDataSource.java:125)
	at org.jkiss.dbeaver.model.impl.jdbc.JDBCDataSource.<init>(JDBCDataSource.java:109)
	at org.jkiss.dbeaver.model.impl.jdbc.JDBCDataSource.<init>(JDBCDataSource.java:100)
	at org.jkiss.dbeaver.ext.oracle.model.OracleDataSource.<init>(OracleDataSource.java:110)
	at org.jkiss.dbeaver.ext.oracle.OracleDataSourceProvider.openDataSource(OracleDataSourceProvider.java:143)
	at org.jkiss.dbeaver.registry.DataSourceDescriptor.openDataSource(DataSourceDescriptor.java:1395)
	at org.jkiss.dbeaver.registry.DataSourceDescriptor.connect0(DataSourceDescriptor.java:1266)
	at org.jkiss.dbeaver.registry.DataSourceDescriptor.connect(DataSourceDescriptor.java:1056)
	at org.jkiss.dbeaver.runtime.jobs.ConnectJob.run(ConnectJob.java:78)
	at org.jkiss.dbeaver.runtime.jobs.ConnectionTestJob.run(ConnectionTestJob.java:103)
	at org.jkiss.dbeaver.model.runtime.AbstractJob.run(AbstractJob.java:119)
	at org.eclipse.core.internal.jobs.Worker.run(Worker.java:63)
2024-12-17 09:36:24.100 - Auth model 'native' was replaced by 'oracle_native'
2024-12-17 09:36:24.105 - Service 'org.jkiss.dbeaver.runtime.ui.UIServiceSecurity' not found
2024-12-17 09:36:34.079 - Connect with 'jdbc:oracle:thin:@//localhost:1521/XE' (oracle_thin-193d20b928f-3f81084d2ab91d31)
2024-12-17 09:36:34.079 - Execution context opened (jdbc:oracle:thin:@//localhost:1521/XE; Main; 11)
2024-12-17 09:36:34.092 - Connected (oracle_thin-193d20b928f-3f81084d2ab91d31, Oracle JDBC driver [11.2.0.2.0])
2024-12-17 09:36:34.104 - Execution context closed (jdbc:oracle:thin:@//localhost:1521/XE, 11)
2024-12-17 09:36:34.104 - Disconnected (oracle_thin-193d20b928f-3f81084d2ab91d31)
2024-12-17 09:47:34.898 - Execution context closed (localhost 2, 9)
2024-12-17 09:47:37.821 - Dispose navigator model
2024-12-17 09:47:37.835 - DBeaver is stopping
2024-12-17 09:47:37.836 - Stop instance server
2024-12-17 09:47:38.843 - Instance server has been stopped
2024-12-17 09:47:38.843 - DBeaver shutdown completed
