2024-12-18 21:49:19.037 - DBeaver 24.3.0.202412011650 is starting
2024-12-18 21:49:19.038 - OS: Windows 10 10.0 (amd64)
2024-12-18 21:49:19.038 - Java version: 17.0.6 by Eclipse Adoptium (64bit)
2024-12-18 21:49:19.038 - Install path: 'E:\web_0900_roh\dbms1\resource\dbeaver-ce-24.3.0-win32.win32.x86_64\dbeaver'
2024-12-18 21:49:19.039 - Instance path: 'file:/E:/web_0900_roh/dbms/DBMS/workspace/'
2024-12-18 21:49:19.040 - Memory available 64Mb/1024Mb
2024-12-18 21:49:19.040 - Platform not initialized: metadata folder may be not set
2024-12-18 21:49:19.048 - Create display
2024-12-18 21:49:19.139 - Initialize desktop platform...
2024-12-18 21:49:19.220 - BounceCastle bundle found. Use JCE provider BC
> Start Core File Systems [org.eclipse.core.filesystem 1.11.0.v20240824-0952]
> Start Core Resource Management [org.eclipse.core.resources 3.21.0.v20240805-1607]
> Start Team Support Core [org.eclipse.team.core 3.10.500.v20240621-0541]
> Start DBeaver UI Navigator [org.jkiss.dbeaver.ui.navigator 1.0.144.202412011650]
2024-12-18 21:49:19.336 - 
2024-12-18 21:49:19.336 - 	Refreshing workspace.
2024-12-18 21:49:19.337 - Refreshing workspace contents
2024-12-18 21:49:19.392 - Initialize base platform...
> Start DBeaver UI Editors - Base [org.jkiss.dbeaver.ui.editors.base 1.0.144.202412011650]
2024-12-18 21:49:19.410 - Platform initialized (271ms)
2024-12-18 21:49:19.464 - Starting instance server at http://localhost:51013
2024-12-18 21:49:19.469 - Run workbench
> Start Eclipse e4 Workbench SWT [org.eclipse.e4.ui.workbench.swt 0.17.500.v20240807-0911]
> Start Eclipse Application Services [org.eclipse.e4.core.services 2.4.400.v20240413-1529]
> Start Eclipse UI Application Services [org.eclipse.e4.ui.services 1.6.300.v20231201-1637]
> Start Eclipse e4 Progress View [org.eclipse.e4.ui.progress 0.4.600.v20240606-1020]
> Start Eclipse Bindings Support [org.eclipse.e4.ui.bindings 0.14.400.v20240321-1245]
> Start Eclipse e4 core commands [org.eclipse.e4.core.commands 1.1.400.v20240424-0444]
> Start EMF XML/XMI Persistence [org.eclipse.emf.ecore.xmi 2.38.0.v20240721-0634]
> Start Eclipse CSS SWT Theme Support [org.eclipse.e4.ui.css.swt.theme 0.14.400.v20240424-0956]
> Start Eclipse e4 Workbench Add-ons [org.eclipse.e4.ui.workbench.addons.swt 1.5.500.v20240620-1945]
> Start Eclipse e4 Workbench SWT Renderer [org.eclipse.e4.ui.workbench.renderers.swt 0.16.500.v20240727-1037]
> Start Eclipse Dependency Injection Extensions [org.eclipse.e4.core.di.extensions 0.18.300.v20240413-1529]
> Start Eclipse CSS SWT Support [org.eclipse.e4.ui.css.swt 0.15.400.v20240321-1245]
2024-12-18 21:49:20.384 - Configure workbench window
> Start DBeaver SQL Model [org.jkiss.dbeaver.model.sql 1.0.134.202412011650]
2024-12-18 21:49:20.468 - Script dialect 'gbase8s' not found in registry (for data source provider gbase8s). Use default.
2024-12-18 21:49:20.499 - Total database drivers: 121 (121)
> Start Help System Core [org.eclipse.help 3.10.400.v20240415-0528]
2024-12-18 21:49:20.567 - Create actions
2024-12-18 21:49:20.576 - Disable Eclipse action set 'org.eclipse.ui.edit.text.actionSet.annotationNavigation'
2024-12-18 21:49:20.577 - Disable Eclipse action set 'org.eclipse.ui.WorkingSetActionSet'
2024-12-18 21:49:20.578 - Disable Eclipse action set 'org.eclipse.ui.actionSet.openFiles'
2024-12-18 21:49:20.578 - Create workbench actions
> Start Default Text Editor [org.eclipse.ui.editors 3.18.0.v20240807-0735]
> Start Text Editor Framework [org.eclipse.ui.workbench.texteditor 3.18.0.v20240819-1419]
2024-12-18 21:49:21.323 - Initialize workbench window
2024-12-18 21:49:21.326 - Finish initialization
> Start DBeaver UI Editors - Data [org.jkiss.dbeaver.ui.editors.data 1.0.144.202412011650]
> Start Internet Connection Management UI [org.eclipse.ui.net 1.5.400.v20240413-1529]
> Start Internet Connection Management [org.eclipse.core.net 1.5.500.v20240625-1706]
Warning: NLS unused message: actions_navigator__objects in: org.jkiss.dbeaver.ui.editors.sql.internal.SQLEditorMessages
> Start DBeaver UI Editors - SQL [org.jkiss.dbeaver.ui.editors.sql 1.0.144.202412011650]
> Start GEF Classic Draw2d [org.eclipse.draw2d 3.17.0.202409021815]
> Start GEF Classic GEF (MVC) [org.eclipse.gef 3.19.0.202409021815]
> Start DBeaver ERD UI [org.jkiss.dbeaver.erd.ui 3.0.104.202412011650]
> Start DBeaver ERD Model [org.jkiss.dbeaver.erd.model 1.0.104.202412011650]
> Start DBeaver Dashboard UI [org.jkiss.dbeaver.ui.dashboard 1.0.141.202412011650]
> Start DBeaver Sample Database [org.jkiss.dbeaver.ext.sample.database 1.0.181.202412011650]
> Start DBeaver Tip of the day [org.jkiss.dbeaver.ext.ui.tipoftheday 1.0.150.202412011650]
> Start DBeaver UI Editors - Connections [org.jkiss.dbeaver.ui.editors.connection 1.0.135.202412011650]
2024-12-18 21:49:24.460 - Open [https://dbeaver.io/product/version.xml]
> Start Debug Core [org.eclipse.debug.core 3.21.500.v20240801-2219]
> Start JSch Core [org.eclipse.jsch.core 1.5.500.v20240626-2102]
> Start DBeaver JDBC Model [org.jkiss.dbeaver.model.jdbc 1.0.37.202412011650]
> Start DBeaver Oracle Model [org.jkiss.dbeaver.ext.oracle 2.1.229.202412011650]
2024-12-18 21:50:01.326 - Open [https://repo1.maven.org/maven2/com/oracle/database/jdbc/ojdbc11/23.2.0.0/ojdbc11-23.2.0.0.pom]
2024-12-18 21:50:01.930 - Open [https://repo1.maven.org/maven2/com/oracle/database/nls/orai18n/23.2.0.0/orai18n-23.2.0.0.pom]
2024-12-18 21:50:02.067 - Open [https://repo1.maven.org/maven2/com/oracle/database/xml/xdb6/18.3.0.0/xdb6-18.3.0.0.pom]
2024-12-18 21:50:02.215 - Open [https://repo1.maven.org/maven2/com/oracle/database/xml/xmlparserv2/18.3.0.0/xmlparserv2-18.3.0.0.pom]
2024-12-18 21:50:02.363 - Open [https://repo1.maven.org/maven2/com/oracle/database/xml/xmlparserv2/23.2.0.0/xmlparserv2-23.2.0.0.pom]
2024-12-18 21:50:18.780 - Connect with 'localhost' (oracle_thin-193d73d552e-2a7619bd6808f247)
2024-12-18 21:50:18.818 - Execution context opened (localhost; Main; 0)
> Start DBeaver Oracle UI [org.jkiss.dbeaver.ext.oracle.ui 1.0.131.202412011650]
2024-12-18 21:50:40.112 - Auth model 'native' was replaced by 'oracle_native'
2024-12-18 21:50:40.126 - Service 'org.jkiss.dbeaver.runtime.ui.UIServiceSecurity' not found
2024-12-18 21:51:30.111 - Connect with 'jdbc:oracle:thin:@//localhost:1521/XE' (oracle_thin-193d9d22bb7-250f713283d7ebef)
2024-12-18 21:51:30.112 - Execution context opened (jdbc:oracle:thin:@//localhost:1521/XE; Main; 1)
2024-12-18 21:51:30.825 - Connected (oracle_thin-193d9d22bb7-250f713283d7ebef, Oracle JDBC driver [11.2.0.2.0])
2024-12-18 21:51:30.841 - Execution context closed (jdbc:oracle:thin:@//localhost:1521/XE, 1)
2024-12-18 21:51:30.841 - Disconnected (oracle_thin-193d9d22bb7-250f713283d7ebef)
2024-12-18 21:51:33.482 - Connect with 'jdbc:oracle:thin:@//localhost:1521/XE' (oracle_thin-193d9d2d5d4-67e9f727e5b63b9e)
2024-12-18 21:51:33.483 - Execution context opened (jdbc:oracle:thin:@//localhost:1521/XE; Main; 2)
2024-12-18 21:51:33.521 - Connected (oracle_thin-193d9d2d5d4-67e9f727e5b63b9e, Oracle JDBC driver [11.2.0.2.0])
2024-12-18 21:51:33.532 - Execution context closed (jdbc:oracle:thin:@//localhost:1521/XE, 2)
2024-12-18 21:51:33.532 - Disconnected (oracle_thin-193d9d2d5d4-67e9f727e5b63b9e)
> Start Data Transfer UI [org.jkiss.dbeaver.data.transfer.ui 1.0.128.202412011650]
2024-12-18 21:51:47.961 - Service 'org.jkiss.dbeaver.runtime.ui.UIServiceSecurity' not found
2024-12-18 21:51:49.991 - Connect with 'jdbc:oracle:thin:@//localhost:1521/XE' (oracle_thin-193d9d3164f-3e2cbb2fdc5c1451)
2024-12-18 21:51:49.992 - Execution context opened (jdbc:oracle:thin:@//localhost:1521/XE; Main; 3)
2024-12-18 21:51:50.024 - Connected (oracle_thin-193d9d3164f-3e2cbb2fdc5c1451, Oracle JDBC driver [11.2.0.2.0])
2024-12-18 21:51:50.037 - Execution context closed (jdbc:oracle:thin:@//localhost:1521/XE, 3)
2024-12-18 21:51:50.037 - Disconnected (oracle_thin-193d9d3164f-3e2cbb2fdc5c1451)
> Start DBeaver Tasks - Native Tools UI [org.jkiss.dbeaver.tasks.native.ui 1.0.122.202412011650]
> Start DBeaver Tasks - General UI [org.jkiss.dbeaver.tasks.ui 1.0.122.202412011650]
> Start DBeaver SQL Terminal [org.jkiss.dbeaver.ui.editors.sql.terminal 1.0.120.202412011650]
> Start Core Compare Support [org.eclipse.compare.core 3.8.500.v20240524-2010]
> Start Console [org.eclipse.ui.console 3.14.100.v20240429-1358]
2024-12-18 21:51:57.724 - Connect with 'localhost' (oracle_thin-193d73d552e-2a7619bd6808f247)
2024-12-18 21:51:57.724 - Execution context opened (localhost; Main; 4)
2024-12-18 21:51:57.754 - Execution context opened (localhost; Metadata; 5)
2024-12-18 21:51:57.787 - Connected (oracle_thin-193d73d552e-2a7619bd6808f247, Oracle JDBC driver [11.2.0.2.0])
2024-12-18 21:51:57.789 - Execution context opened (localhost; SQLEditor <day03(DDL).sql>; 6)
> Start DBeaver SQL Language Semantic Model [org.jkiss.dbeaver.model.lsm 1.0.39.202412011650]
> Start DBeaver Data Transfer [org.jkiss.dbeaver.data.transfer 2.0.128.202412011650]
2024-12-18 21:52:07.231 - Service 'org.jkiss.dbeaver.runtime.ui.UIServiceSecurity' not found
2024-12-18 21:53:17.844 - Execution context opened (localhost; SQLEditor <Script.sql>; 7)
> Start DBeaver Tasks View [org.jkiss.dbeaver.tasks.ui.view 1.0.93.202412011650]
2024-12-18 21:53:43.912 - Some data source listeners are still registered: org.jkiss.dbeaver.model.navigator.DBNProjectDatabases:node://workspace/datasources
2024-12-18 23:24:36.421 - Execution context closed (localhost, 7)
2024-12-18 23:24:36.467 - Execution context closed (localhost, 6)
2024-12-18 23:24:36.594 - Dispose navigator model
2024-12-18 23:24:36.618 - DBeaver is stopping
2024-12-18 23:24:36.619 - Stop instance server
2024-12-18 23:24:37.623 - Instance server has been stopped
2024-12-18 23:24:37.624 - DBeaver shutdown completed
